[debug] [2022-07-20T02:06:57.221Z] ----------------------------------------------------------------------
[debug] [2022-07-20T02:06:57.222Z] Command:       C:\Program Files\nodejs\node.exe C:\Users\suman\AppData\Roaming\npm\node_modules\firebase-tools\lib\bin\firebase.js serve
[debug] [2022-07-20T02:06:57.223Z] CLI Version:   11.3.0
[debug] [2022-07-20T02:06:57.223Z] Platform:      win32
[debug] [2022-07-20T02:06:57.223Z] Node Version:  v16.16.0
[debug] [2022-07-20T02:06:57.223Z] Time:          Tue Jul 19 2022 22:06:57 GMT-0400 (Eastern Daylight Time)
[debug] [2022-07-20T02:06:57.223Z] ----------------------------------------------------------------------
[debug] 
[debug] [2022-07-20T02:06:57.267Z] > command requires scopes: ["email","openid","https://www.googleapis.com/auth/cloudplatformprojects.readonly","https://www.googleapis.com/auth/firebase","https://www.googleapis.com/auth/cloud-platform"]
[debug] [2022-07-20T02:06:57.267Z] > authorizing via signed-in user (thapatrsuman@gmail.com)
[debug] [2022-07-20T02:06:57.267Z] [iam] checking project newchitiboard-9ed3e for permissions ["firebase.projects.get"]
[debug] [2022-07-20T02:06:57.268Z] > refreshing access token with scopes: []
[debug] [2022-07-20T02:06:57.269Z] >>> [apiv2][query] POST https://www.googleapis.com/oauth2/v3/token [none]
[debug] [2022-07-20T02:06:57.269Z] >>> [apiv2][body] POST https://www.googleapis.com/oauth2/v3/token [omitted]
[debug] [2022-07-20T02:06:57.540Z] <<< [apiv2][status] POST https://www.googleapis.com/oauth2/v3/token 200
[debug] [2022-07-20T02:06:57.540Z] <<< [apiv2][body] POST https://www.googleapis.com/oauth2/v3/token [omitted]
[debug] [2022-07-20T02:06:57.556Z] >>> [apiv2][query] POST https://cloudresourcemanager.googleapis.com/v1/projects/newchitiboard-9ed3e:testIamPermissions [none]
[debug] [2022-07-20T02:06:57.556Z] >>> [apiv2][body] POST https://cloudresourcemanager.googleapis.com/v1/projects/newchitiboard-9ed3e:testIamPermissions {"permissions":["firebase.projects.get"]}
[debug] [2022-07-20T02:06:57.748Z] <<< [apiv2][status] POST https://cloudresourcemanager.googleapis.com/v1/projects/newchitiboard-9ed3e:testIamPermissions 200
[debug] [2022-07-20T02:06:57.749Z] <<< [apiv2][body] POST https://cloudresourcemanager.googleapis.com/v1/projects/newchitiboard-9ed3e:testIamPermissions {"permissions":["firebase.projects.get"]}
[debug] [2022-07-20T02:06:57.750Z] >>> [apiv2][query] GET https://firebase.googleapis.com/v1beta1/projects/newchitiboard-9ed3e [none]
[debug] [2022-07-20T02:06:58.079Z] <<< [apiv2][status] GET https://firebase.googleapis.com/v1beta1/projects/newchitiboard-9ed3e 200
[debug] [2022-07-20T02:06:58.079Z] <<< [apiv2][body] GET https://firebase.googleapis.com/v1beta1/projects/newchitiboard-9ed3e {"projectId":"newchitiboard-9ed3e","projectNumber":"462130296630","displayName":"NewChitiBoard","name":"projects/newchitiboard-9ed3e","resources":{"hostingSite":"newchitiboard-9ed3e","storageBucket":"newchitiboard-9ed3e.appspot.com","locationId":"asia-south1"},"state":"ACTIVE"}
[info] 
[info] === Serving from 'J:\Repositories\newchitiboard\chiti_firebase'...
[info] 
[debug] [2022-07-20T02:06:58.081Z] >>> [apiv2][query] GET https://firebasehosting.googleapis.com/v1beta1/projects/newchitiboard-9ed3e/sites 
